<?xml version="1.0" encoding="UTF-8" ?>
<testsuites>
<testsuite name="intergration-tests" errors="0" tests="4" failures="0" time="0.139" timestamp="2017-09-20T11:43:16">
  <testcase classname="intergration-tests" name="should have res.merge method" time="0.05"></testcase>
  <testcase classname="intergration-tests" name="should merge view with external html" time="0.064"></testcase>
  <testcase classname="intergration-tests" name="should inject base tag" time="0.011"></testcase>
  <testcase classname="intergration-tests" name="should call transform if present" time="0.011"></testcase>
</testsuite>
</testsuites>